<?xml version="1.0" encoding="UTF-8"?>
<!-- Generated by org.testng.reporters.JUnitXMLReporter -->
<testsuite hostname="DESKTOP-EKORDLF" ignored="0" name="PasswordValidationTest" tests="14" failures="1" timestamp="2019-06-18T06:51:01 IST" time="5.326" errors="0">
  <testcase name="dataProviderTestWithNegativeConditions" time="0.025" classname="com.agoda.PasswordChangeTestNG"/>
  <testcase name="dataProviderTestWithNegativeConditions" time="0.016" classname="com.agoda.PasswordChangeTestNG"/>
  <testcase name="passwordWithAllDigits" time="0.0" classname="com.agoda.PasswordChangeTestNG"/>
  <testcase name="passwordWithAllSpecialChars" time="0.0" classname="com.agoda.PasswordChangeTestNG"/>
  <testcase name="passwordWithLessThan17Characters" time="0.0" classname="com.agoda.PasswordChangeTestNG"/>
  <testcase name="passwordWithMoreThan50PercenOfDigits" time="0.0" classname="com.agoda.PasswordChangeTestNG"/>
  <testcase name="passwordWithNoDigits" time="0.0" classname="com.agoda.PasswordChangeTestNG"/>
  <testcase name="passwordWithNoLowerCase" time="0.0" classname="com.agoda.PasswordChangeTestNG"/>
  <testcase name="passwordWithNoUpperCase" time="0.0" classname="com.agoda.PasswordChangeTestNG"/>
  <testcase name="passwordWithNotAllowdedSpecialChars" time="0.0" classname="com.agoda.PasswordChangeTestNG"/>
  <testcase name="passwordWithSpecialCharsMoreThan4" time="0.0" classname="com.agoda.PasswordChangeTestNG"/>
  <testcase name="passwordWithWrongSystemPassword" time="0.016" classname="com.agoda.PasswordChangeTestNG"/>
  <testcase name="passwordWithsimilarity" time="0.0" classname="com.agoda.PasswordChangeTestNG">
    <failure type="java.lang.AssertionError" message="did not expect to find [false] but found [true]">
      <![CDATA[java.lang.AssertionError: did not expect to find [false] but found [true]
at com.agoda.PasswordChangeTestNG.passwordWithsimilarity(PasswordChangeTestNG.java:84)
... Removed 31 stack frames]]>
    </failure>
  </testcase> <!-- passwordWithsimilarity -->
  <testcase name="validpasswordTest" time="0.015" classname="com.agoda.PasswordChangeTestNG"/>
</testsuite> <!-- PasswordValidationTest -->
