<?xml version="1.0" encoding="UTF-8"?>
<!-- Generated by org.testng.reporters.JUnitXMLReporter -->
<testsuite hostname="DESKTOP-EKORDLF" ignored="0" name="Default test" tests="11" failures="0" timestamp="2019-06-18T06:34:18 IST" time="5.313" errors="0">
  <testcase name="passwordWithAllDigits" time="0.026" classname="com.agoda.PasswordChangeTestNG"/>
  <testcase name="passwordWithAllSpecialChars" time="0.016" classname="com.agoda.PasswordChangeTestNG"/>
  <testcase name="passwordWithLessThan17Characters" time="0.016" classname="com.agoda.PasswordChangeTestNG"/>
  <testcase name="passwordWithMoreThan50PercenOfDigits" time="0.015" classname="com.agoda.PasswordChangeTestNG"/>
  <testcase name="passwordWithNoDigits" time="0.0" classname="com.agoda.PasswordChangeTestNG"/>
  <testcase name="passwordWithNoLowerCase" time="0.016" classname="com.agoda.PasswordChangeTestNG"/>
  <testcase name="passwordWithNoUpperCase" time="0.0" classname="com.agoda.PasswordChangeTestNG"/>
  <testcase name="passwordWithNotAllowdedSpecialChars" time="0.0" classname="com.agoda.PasswordChangeTestNG"/>
  <testcase name="passwordWithSpecialCharsMoreThan4" time="0.0" classname="com.agoda.PasswordChangeTestNG"/>
  <testcase name="passwordWithWrongSystemPassword" time="0.0" classname="com.agoda.PasswordChangeTestNG"/>
  <testcase name="validpasswordTest" time="0.015" classname="com.agoda.PasswordChangeTestNG"/>
</testsuite> <!-- Default test -->
